0 info it worked if it ends with ok
1 verbose cli [ 'C:\\Program Files\\nodejs\\\\node.exe',
1 verbose cli   'C:\\Program Files\\nodejs\\node_modules\\npm\\bin\\npm-cli.js',
1 verbose cli   'install',
1 verbose cli   'grunt-jasmine-runner' ]
2 info using npm@1.3.24
3 info using node@v0.10.25
4 verbose node symlink C:\Program Files\nodejs\\node.exe
5 verbose cache add [ 'grunt-jasmine-runner', null ]
6 verbose cache add name=undefined spec="grunt-jasmine-runner" args=["grunt-jasmine-runner",null]
7 verbose parsed url { protocol: null,
7 verbose parsed url   slashes: null,
7 verbose parsed url   auth: null,
7 verbose parsed url   host: null,
7 verbose parsed url   port: null,
7 verbose parsed url   hostname: null,
7 verbose parsed url   hash: null,
7 verbose parsed url   search: null,
7 verbose parsed url   query: null,
7 verbose parsed url   pathname: 'grunt-jasmine-runner',
7 verbose parsed url   path: 'grunt-jasmine-runner',
7 verbose parsed url   href: 'grunt-jasmine-runner' }
8 silly lockFile 84435dd1-grunt-jasmine-runner grunt-jasmine-runner
9 verbose lock grunt-jasmine-runner C:\Users\RThapa\AppData\Roaming\npm-cache\84435dd1-grunt-jasmine-runner.lock
10 silly lockFile 84435dd1-grunt-jasmine-runner grunt-jasmine-runner
11 silly lockFile 84435dd1-grunt-jasmine-runner grunt-jasmine-runner
12 verbose addNamed [ 'grunt-jasmine-runner', '' ]
13 verbose addNamed [ null, '*' ]
14 silly lockFile 0031f0ed-grunt-jasmine-runner grunt-jasmine-runner@
15 verbose lock grunt-jasmine-runner@ C:\Users\RThapa\AppData\Roaming\npm-cache\0031f0ed-grunt-jasmine-runner.lock
16 silly addNameRange { name: 'grunt-jasmine-runner', range: '*', hasData: false }
17 verbose url raw grunt-jasmine-runner
18 verbose url resolving [ 'https://registry.npmjs.org/', './grunt-jasmine-runner' ]
19 verbose url resolved https://registry.npmjs.org/grunt-jasmine-runner
20 info trying registry request attempt 1 at 11:53:56
21 http GET https://registry.npmjs.org/grunt-jasmine-runner
22 info retry will retry, error on last attempt: Error: connect ECONNREFUSED
23 info trying registry request attempt 2 at 11:54:07
24 http GET https://registry.npmjs.org/grunt-jasmine-runner
25 info retry will retry, error on last attempt: Error: connect ECONNREFUSED
26 info trying registry request attempt 3 at 11:55:08
27 http GET https://registry.npmjs.org/grunt-jasmine-runner
28 silly lockFile 0031f0ed-grunt-jasmine-runner grunt-jasmine-runner@
29 silly lockFile 0031f0ed-grunt-jasmine-runner grunt-jasmine-runner@
30 error Error: connect ECONNREFUSED
30 error     at errnoException (net.js:901:11)
30 error     at Object.afterConnect [as oncomplete] (net.js:892:19)
30 error  { [Error: connect ECONNREFUSED]
30 error   code: 'ECONNREFUSED',
30 error   errno: 'ECONNREFUSED',
30 error   syscall: 'connect' }
31 error If you are behind a proxy, please make sure that the
31 error 'proxy' config is set properly.  See: 'npm help config'
32 error System Windows_NT 6.1.7601
33 error command "C:\\Program Files\\nodejs\\\\node.exe" "C:\\Program Files\\nodejs\\node_modules\\npm\\bin\\npm-cli.js" "install" "grunt-jasmine-runner"
34 error cwd c:\Dev\Katas\angularJs
35 error node -v v0.10.25
36 error npm -v 1.3.24
37 error syscall connect
38 error code ECONNREFUSED
39 error errno ECONNREFUSED
40 error stack Error: connect ECONNREFUSED
40 error stack     at errnoException (net.js:901:11)
40 error stack     at Object.afterConnect [as oncomplete] (net.js:892:19)
41 verbose exit [ 1, true ]
